<?xml version="1.0" encoding="UTF-8"?>
<!-- Generated by org.testng.reporters.JUnitXMLReporter -->
<testsuite ignored="0" hostname="LAPTOP-0RS3NVCQ" failures="0" tests="3" name="Default test" time="143.897" errors="0" timestamp="2022-10-12T08:40:28 EDT">
  <testcase classname="Base.CutomizeTestNGCucmberRunner" name="runScenario" time="24.929"/>
  <testcase classname="Base.CutomizeTestNGCucmberRunner" name="runScenario" time="21.042"/>
  <testcase classname="Base.CutomizeTestNGCucmberRunner" name="runScenario" time="25.187"/>
</testsuite> <!-- Default test -->
