<?xml version="1.0" encoding="UTF-8"?>
<testng-results ignored="0" total="3" passed="3" failed="0" skipped="0">
  <reporter-output>
  </reporter-output>
  <suite started-at="2022-10-12T08:38:04 EDT" name="Default suite" finished-at="2022-10-12T08:40:28 EDT" duration-ms="143897">
    <groups>
      <group name="cucumber">
        <method signature="CutomizeTestNGCucmberRunner.runScenario(io.cucumber.testng.PickleWrapper,io.cucumber.testng.FeatureWrapper)[pri:0, instance:Runner.Runner@14cd1699]" name="runScenario" class="Base.CutomizeTestNGCucmberRunner"/>
      </group> <!-- cucumber -->
    </groups>
    <test started-at="2022-10-12T08:38:04 EDT" name="Default test" finished-at="2022-10-12T08:40:28 EDT" duration-ms="143897">
      <class name="Runner.Runner">
        <test-method is-config="true" signature="setUpClass()[pri:0, instance:Runner.Runner@14cd1699]" started-at="2022-10-12T08:38:04 EDT" name="setUpClass" finished-at="2022-10-12T08:38:07 EDT" duration-ms="2329" status="PASS">
          <reporter-output>
          </reporter-output>
        </test-method> <!-- setUpClass -->
        <test-method is-config="true" signature="CreateDriver()[pri:0, instance:Runner.Runner@14cd1699]" started-at="2022-10-12T08:38:07 EDT" name="CreateDriver" finished-at="2022-10-12T08:38:26 EDT" duration-ms="19390" status="PASS">
          <reporter-output>
          </reporter-output>
        </test-method> <!-- CreateDriver -->
        <test-method signature="runScenario(io.cucumber.testng.PickleWrapper,io.cucumber.testng.FeatureWrapper)[pri:0, instance:Runner.Runner@14cd1699]" started-at="2022-10-12T08:38:26 EDT" name="runScenario" description="Runs Cucumber Scenarios" data-provider="scenarios" finished-at="2022-10-12T08:38:51 EDT" duration-ms="24929" status="PASS">
          <params>
            <param index="0">
              <value>
                <![CDATA["Login with valid credentials"]]>
              </value>
            </param>
            <param index="1">
              <value>
                <![CDATA["Login Page"]]>
              </value>
            </param>
          </params>
          <reporter-output>
          </reporter-output>
        </test-method> <!-- runScenario -->
        <test-method is-config="true" signature="afterSuite()[pri:0, instance:Runner.Runner@14cd1699]" started-at="2022-10-12T08:38:51 EDT" name="afterSuite" finished-at="2022-10-12T08:38:56 EDT" duration-ms="4488" status="PASS">
          <reporter-output>
          </reporter-output>
        </test-method> <!-- afterSuite -->
        <test-method is-config="true" signature="CreateDriver()[pri:0, instance:Runner.Runner@14cd1699]" started-at="2022-10-12T08:38:56 EDT" name="CreateDriver" finished-at="2022-10-12T08:39:13 EDT" duration-ms="16882" status="PASS">
          <reporter-output>
          </reporter-output>
        </test-method> <!-- CreateDriver -->
        <test-method signature="runScenario(io.cucumber.testng.PickleWrapper,io.cucumber.testng.FeatureWrapper)[pri:0, instance:Runner.Runner@14cd1699]" started-at="2022-10-12T08:39:13 EDT" name="runScenario" description="Runs Cucumber Scenarios" data-provider="scenarios" finished-at="2022-10-12T08:39:34 EDT" duration-ms="21042" status="PASS">
          <params>
            <param index="0">
              <value>
                <![CDATA["Login with invalid credentials"]]>
              </value>
            </param>
            <param index="1">
              <value>
                <![CDATA["Login Page"]]>
              </value>
            </param>
          </params>
          <reporter-output>
          </reporter-output>
        </test-method> <!-- runScenario -->
        <test-method is-config="true" signature="afterSuite()[pri:0, instance:Runner.Runner@14cd1699]" started-at="2022-10-12T08:39:34 EDT" name="afterSuite" finished-at="2022-10-12T08:39:37 EDT" duration-ms="3834" status="PASS">
          <reporter-output>
          </reporter-output>
        </test-method> <!-- afterSuite -->
        <test-method is-config="true" signature="CreateDriver()[pri:0, instance:Runner.Runner@14cd1699]" started-at="2022-10-12T08:39:37 EDT" name="CreateDriver" finished-at="2022-10-12T08:39:45 EDT" duration-ms="7504" status="PASS">
          <reporter-output>
          </reporter-output>
        </test-method> <!-- CreateDriver -->
        <test-method signature="runScenario(io.cucumber.testng.PickleWrapper,io.cucumber.testng.FeatureWrapper)[pri:0, instance:Runner.Runner@14cd1699]" started-at="2022-10-12T08:39:45 EDT" name="runScenario" description="Runs Cucumber Scenarios" data-provider="scenarios" finished-at="2022-10-12T08:40:10 EDT" duration-ms="25187" status="PASS">
          <params>
            <param index="0">
              <value>
                <![CDATA["Login with invalid credentials"]]>
              </value>
            </param>
            <param index="1">
              <value>
                <![CDATA["Login Page"]]>
              </value>
            </param>
          </params>
          <reporter-output>
          </reporter-output>
        </test-method> <!-- runScenario -->
        <test-method is-config="true" signature="afterSuite()[pri:0, instance:Runner.Runner@14cd1699]" started-at="2022-10-12T08:40:10 EDT" name="afterSuite" finished-at="2022-10-12T08:40:15 EDT" duration-ms="4834" status="PASS">
          <reporter-output>
          </reporter-output>
        </test-method> <!-- afterSuite -->
        <test-method is-config="true" signature="tearDownClass()[pri:0, instance:Runner.Runner@14cd1699]" started-at="2022-10-12T08:40:15 EDT" name="tearDownClass" finished-at="2022-10-12T08:40:27 EDT" duration-ms="12314" status="PASS">
          <reporter-output>
          </reporter-output>
        </test-method> <!-- tearDownClass -->
      </class> <!-- Runner.Runner -->
    </test> <!-- Default test -->
  </suite> <!-- Default suite -->
</testng-results>
